<?xml version="1.0" encoding="utf-8"?><testsuites name="pytest tests"><testsuite name="pytest" errors="0" failures="0" skipped="0" tests="7" time="1.381" timestamp="2026-08-26T19:46:48.367571+00:00" hostname="agent-env-5a0febd8-4c45-47a0-946f-56395a56278e"><testcase classname="tests.backend_test.TestRoot" name="test_root" time="0.411" /><testcase classname="tests.backend_test.TestListCars" name="test_list_cars" time="0.099" /><testcase classname="tests.backend_test.TestListCars" name="test_order_sorted" time="0.092" /><testcase classname="tests.backend_test.TestCarCrud" name="test_create_persist_delete" time="0.376" /><testcase classname="tests.backend_test.TestCarCrud" name="test_create_validation_missing_required" time="0.098" /><testcase classname="tests.backend_test.TestCarCrud" name="test_delete_invalid_id" time="0.111" /><testcase classname="tests.backend_test.TestCarCrud" name="test_delete_nonexistent_id" time="0.089" /></testsuite></testsuites>